2025/08/08 12:37:39 ❌ Failed to create scheduler: cannot read api file: open sources.json: The system cannot find the file specified.
2025/08/08 12:37:53 ❌ Failed to create scheduler: cannot read api file: open sources.json: The system cannot find the file specified.
2025/08/08 12:40:38 ❌ Failed to create scheduler: cannot read api file: open sources.json: The system cannot find the file specified.
2025/08/08 12:52:19 ❌ Failed to create scheduler: cannot read api file: open sources.json: The system cannot find the file specified.
2025/08/08 12:53:08 ❌ Failed to create scheduler: cannot read api file: open sources.json: The system cannot find the file specified.
2025/08/08 13:10:20 ✅ Scheduler started
2025/08/08 13:10:57 Caught signal interrupt: stopping scheduler
2025/08/08 13:19:17 ✅ Scheduler started
2025/08/08 13:19:42 Caught signal interrupt: stopping scheduler
2025/08/08 14:20:53 ✅ Scheduler started
2025/08/08 14:20:57 IP Addres ::1
2025/08/08 14:22:29 IP Addres ::1
2025/08/08 14:23:53 IP Addres ::1
2025/08/08 14:23:53 Scheduler stopped by API call
2025/08/08 14:23:58 Scheduler stopped manually
2025/08/08 15:37:14 ✅ Scheduler initialized but NOT started
2025/08/08 15:38:56 IP Addres ::1
2025/08/08 15:38:56 Scheduler started by API call
2025/08/08 15:39:40 IP Addres ::1
2025/08/08 15:39:40 Scheduler stopped by API call
2025/08/08 15:39:43 Scheduler stopped manually
2025/08/08 15:44:21 IP Addres ::1
2025/08/08 15:54:21 IP Addres ::1
2025/08/08 15:54:47 IP Addres ::1
2025/08/08 16:23:21 ✅ Scheduler initialized but NOT started
2025/08/08 16:23:47 IP Addres ::1
2025/08/08 16:23:55 IP Addres ::1
2025/08/08 16:24:41 IP Addres ::1
2025/08/08 16:24:41 Scheduler started by API call
2025/08/08 16:25:08 IP Addres ::1
2025/08/08 16:25:08 Scheduler stopped by API call
2025/08/08 16:25:08 Scheduler stopped during interval wait
2025/08/08 16:25:11 ⚠ Caught signal interrupt, stopping scheduler...
2025/08/08 16:25:11 ✅ Scheduler stopped
2025/08/08 16:25:11 Exiting program
2025/08/08 16:25:18 ✅ Scheduler initialized but NOT started
2025/08/08 16:25:36 IP Addres ::1
2025/08/08 16:25:52 IP Addres ::1
2025/08/08 16:26:06 IP Addres ::1
2025/08/08 16:26:58 IP Addres ::1
2025/08/08 16:27:04 IP Addres ::1
2025/08/08 16:27:18 IP Addres ::1
2025/08/08 16:27:37 IP Addres ::1
2025/08/08 16:27:54 IP Addres ::1
2025/08/08 16:29:07 IP Addres ::1
2025/08/08 16:29:07 Scheduler started by API call
2025/08/08 16:29:26 IP Addres ::1
2025/08/08 16:29:26 Scheduler stopped by API call
2025/08/08 16:29:26 Scheduler stopped during interval wait
2025/08/08 16:30:15 ⚠ Caught signal interrupt, stopping scheduler...
2025/08/08 16:30:15 ✅ Scheduler stopped
2025/08/08 16:30:15 Exiting program
2025/08/08 16:32:17 ✅ Scheduler initialized but NOT started
2025/08/08 16:33:11 IP Addres ::1
2025/08/08 16:33:41 IP Addres ::1
2025/08/08 16:35:33 IP Addres ::1
2025/08/08 16:36:13 IP Addres ::1
2025/08/08 16:37:26 IP Addres ::1
2025/08/08 16:37:50 IP Addres ::1
2025/08/08 16:37:50 Scheduler started by API call
2025/08/08 16:38:10 IP Addres ::1
2025/08/08 16:38:10 Scheduler stopped by API call
2025/08/08 16:38:10 Scheduler stopped during interval wait
2025/08/08 16:40:00 ⚠ Caught signal interrupt, stopping scheduler...
2025/08/08 16:40:00 ✅ Scheduler stopped
2025/08/08 16:40:00 Exiting program
2025/08/08 16:40:02 ✅ Scheduler initialized but NOT started
2025/08/08 16:40:38 IP Addres ::1
2025/08/08 16:40:38 Scheduler started by API call
2025/08/08 16:41:27 IP Addres ::1
2025/08/08 16:41:27 Scheduler stopped by API call
2025/08/08 16:41:28 Scheduler stopped during interval wait
2025/08/08 16:54:48 IP Addres ::1
2025/08/08 16:58:45 IP Addres ::1
2025/08/08 17:26:22 ⚠ Caught signal interrupt, stopping scheduler...
2025/08/08 17:26:22 ✅ Scheduler stopped
2025/08/08 17:26:22 Exiting program
2025/08/08 17:37:37 ✅ Scheduler initialized but NOT started
2025/08/08 17:39:24 IP Addres ::1
2025/08/08 17:39:24 Scheduler started by API call
2025/08/08 17:39:46 IP Addres ::1
2025/08/08 17:39:46 Scheduler stopped by API call
2025/08/08 17:39:46 Scheduler stopped during interval wait
2025/08/09 10:06:25 ⚠ Caught signal interrupt, stopping scheduler...
2025/08/09 10:06:25 ✅ Scheduler stopped
2025/08/09 10:06:25 Exiting program
2025/08/09 10:06:27 ✅ Scheduler initialized but NOT started
2025/08/09 10:06:41 IP Addres ::1
2025/08/09 10:07:57 IP Addres ::1
2025/08/09 10:14:46 IP Addres ::1
2025/08/09 10:14:46 Scheduler started by API call
2025/08/09 10:15:01 IP Addres ::1
2025/08/09 10:15:01 Scheduler stopped by API call
2025/08/09 10:15:01 Scheduler stopped during interval wait
2025/08/09 10:19:42 IP Addres ::1
2025/08/09 10:25:08 IP Addres ::1
2025/08/09 10:25:33 IP Addres ::1
2025/08/09 10:27:04 IP Addres ::1
2025/08/09 10:27:21 IP Addres ::1
2025/08/09 10:29:27 IP Addres ::1
2025/08/09 10:32:22 ⚠ Caught signal interrupt, stopping scheduler...
2025/08/09 10:32:22 ✅ Scheduler stopped
2025/08/09 10:32:22 Exiting program
2025/08/09 10:32:27 ✅ Scheduler initialized but NOT started
2025/08/09 10:32:48 IP Addres ::1
2025/08/09 10:32:53 IP Addres ::1
2025/08/09 10:32:53 Scheduler started by API call
2025/08/09 10:33:02 IP Addres ::1
2025/08/09 10:33:02 Scheduler stopped by API call
2025/08/09 10:33:02 Scheduler stopped during interval wait
2025/08/09 10:34:02 IP Addres ::1
2025/08/09 10:34:56 IP Addres ::1
2025/08/09 10:37:51 IP Addres ::1
2025/08/09 10:38:35 IP Addres ::1
2025/08/09 10:42:40 IP Addres ::1
2025/08/09 10:45:53 IP Addres ::1
2025/08/09 10:52:04 IP Addres ::1
2025/08/11 09:15:44 ⚠ Caught signal interrupt, stopping scheduler...
2025/08/11 09:15:44 ✅ Scheduler stopped
2025/08/11 09:15:44 Exiting program
2025/08/11 09:16:44 ✅ Scheduler initialized but NOT started
2025/08/11 09:17:06 IP Addres ::1
2025/08/11 09:17:06 Scheduler started by API call
2025/08/11 09:17:23 IP Addres ::1
2025/08/11 09:17:28 IP Addres ::1
2025/08/11 09:17:28 Scheduler stopped by API call
2025/08/11 09:17:28 Scheduler stopped during interval wait
2025/08/11 09:18:24 IP Addres ::1
2025/08/11 09:18:59 IP Addres ::1
2025/08/11 09:19:17 IP Addres ::1
2025/08/11 09:19:27 IP Addres ::1
2025/08/11 09:25:21 IP Addres ::1
2025/08/11 09:26:14 IP Addres ::1
2025/08/11 09:27:58 IP Addres ::1
2025/08/11 09:33:17 IP Addres ::1
2025/08/11 09:39:13 IP Addres ::1
2025/08/11 09:41:49 IP Addres ::1
2025/08/11 09:42:29 IP Addres ::1
2025/08/11 09:46:20 ⚠ Caught signal interrupt, stopping scheduler...
2025/08/11 09:46:20 ✅ Scheduler stopped
2025/08/11 09:46:20 Exiting program
2025/08/11 09:46:32 ✅ Scheduler initialized but NOT started
2025/08/11 09:48:51 ⚠ Caught signal interrupt, stopping scheduler...
2025/08/11 09:48:51 ✅ Scheduler stopped
2025/08/11 09:48:51 Exiting program
2025/08/11 09:49:35 ✅ Scheduler initialized but NOT started
2025/08/11 09:51:01 IP Addres ::1
2025/08/11 09:55:04 IP Addres ::1
2025/08/11 09:56:25 IP Addres ::1
2025/08/11 10:52:21 IP Addres ::1
2025/08/11 10:55:16 ⚠ Caught signal interrupt, stopping scheduler...
2025/08/11 10:55:16 ✅ Scheduler stopped
2025/08/11 10:55:16 Exiting program
2025/08/11 10:55:26 ✅ Scheduler initialized but NOT started
2025/08/11 10:55:41 IP Addres ::1
2025/08/11 10:57:35 IP Addres ::1
2025/08/11 10:58:55 IP Addres ::1
2025/08/11 11:00:39 IP Addres ::1
2025/08/11 11:24:15 ⚠ Caught signal terminated, stopping scheduler...
2025/08/11 11:24:15 ✅ Scheduler stopped
2025/08/11 11:24:15 Exiting program
2025/08/11 14:08:37 ✅ Scheduler initialized but NOT started
2025/08/11 14:52:33 ⚠ Caught signal interrupt, stopping scheduler...
2025/08/11 14:52:33 ✅ Scheduler stopped
2025/08/11 14:52:33 Exiting program
2025/08/11 14:52:36 ✅ Scheduler initialized but NOT started
2025/08/11 14:54:00 IP Addres ::1
2025/08/11 14:54:33 IP Addres ::1
2025/08/11 14:54:39 IP Addres ::1
2025/08/11 14:54:39 Scheduler started by API call
2025/08/11 14:54:52 fetch content error for https://jsonplaceholder.typicode.com/users11: status 404
2025/08/11 14:54:52 fetch content error for https://jsonplaceholder.typicode.com/users/15: status 404
2025/08/11 14:54:52 fetch content error for https://httpbin.org/status/404: status 404
2025/08/11 14:54:53 Sent content of https://jsonplaceholder.typicode.com/users/1 to tracking group
2025/08/11 14:54:54 Sent content of https://jsonplaceholder.typicode.com/comments/1 to tracking group
2025/08/11 14:54:54 Sent content of https://jsonplaceholder.typicode.com/users/2 to tracking group
2025/08/11 14:54:55 Sent content of https://jsonplaceholder.typicode.com/users/8 to tracking group
2025/08/11 14:54:56 IP Addres ::1
2025/08/11 14:54:56 Scheduler stopped by API call
2025/08/11 14:54:56 Sent content of https://jsonplaceholder.typicode.com/posts/1 to tracking group
2025/08/11 14:55:00 Sent content of https://jsonplaceholder.typicode.com/posts/2 to tracking group
2025/08/11 14:55:01 Sent content of https://jsonplaceholder.typicode.com/posts/5 to tracking group
2025/08/11 14:55:02 Sent content of https://jsonplaceholder.typicode.com/users/4 to tracking group
2025/08/11 14:55:02 Sent content of https://jsonplaceholder.typicode.com/posts/15 to tracking group
2025/08/11 14:55:03 Sent content of https://jsonplaceholder.typicode.com/posts/13 to tracking group
2025/08/11 14:55:05 IP Addres ::1
2025/08/11 14:55:07 Sent content of https://jsonplaceholder.typicode.com/users/3 to tracking group
2025/08/11 14:55:08 Sent content of https://jsonplaceholder.typicode.com/posts/12 to tracking group
2025/08/11 14:55:08 Sent content of https://jsonplaceholder.typicode.com/users/5 to tracking group
2025/08/11 14:55:09 Sent content of https://jsonplaceholder.typicode.com/users/6 to tracking group
2025/08/11 14:55:09 Scheduler stopped during interval wait
2025/08/11 14:56:18 IP Addres ::1
2025/08/11 14:56:22 IP Addres ::1
2025/08/11 14:56:22 Scheduler started by API call
2025/08/11 14:56:28 IP Addres ::1
2025/08/11 14:56:28 Scheduler stopped by API call
2025/08/11 14:56:33 fetch content error for https://jsonplaceholder.typicode.com/users/15: status 404
2025/08/11 14:56:33 fetch content error for https://jsonplaceholder.typicode.com/users11: status 404
2025/08/11 14:56:35 fetch content error for https://httpbin.org/status/404: status 404
2025/08/11 14:56:36 Sent content of https://jsonplaceholder.typicode.com/posts/1 to tracking group
2025/08/11 14:56:37 Sent content of https://jsonplaceholder.typicode.com/posts/5 to tracking group
2025/08/11 14:56:37 Sent content of https://jsonplaceholder.typicode.com/users/3 to tracking group
2025/08/11 14:56:38 Sent content of https://jsonplaceholder.typicode.com/users/5 to tracking group
2025/08/11 14:56:39 Sent content of https://jsonplaceholder.typicode.com/users/6 to tracking group
2025/08/11 14:56:43 Sent content of https://jsonplaceholder.typicode.com/posts/2 to tracking group
2025/08/11 14:56:44 Sent content of https://jsonplaceholder.typicode.com/comments/1 to tracking group
2025/08/11 14:56:45 Sent content of https://jsonplaceholder.typicode.com/posts/13 to tracking group
2025/08/11 14:56:45 Sent content of https://jsonplaceholder.typicode.com/users/4 to tracking group
2025/08/11 14:56:46 Sent content of https://jsonplaceholder.typicode.com/users/8 to tracking group
2025/08/11 14:56:50 Sent content of https://jsonplaceholder.typicode.com/users/1 to tracking group
2025/08/11 14:56:51 Sent content of https://jsonplaceholder.typicode.com/posts/15 to tracking group
2025/08/11 14:56:51 Sent content of https://jsonplaceholder.typicode.com/posts/12 to tracking group
2025/08/11 14:56:52 Sent content of https://jsonplaceholder.typicode.com/users/2 to tracking group
2025/08/11 14:57:13 fetch content error for https://jsonplaceholder.typicode.com/users/15: status 404
2025/08/11 14:57:13 fetch content error for https://jsonplaceholder.typicode.com/users11: status 404
2025/08/11 14:57:15 fetch content error for https://httpbin.org/status/404: status 404
2025/08/11 14:57:16 Sent content of https://jsonplaceholder.typicode.com/users/8 to tracking group
2025/08/11 14:57:17 Sent content of https://jsonplaceholder.typicode.com/posts/15 to tracking group
2025/08/11 14:57:17 Sent content of https://jsonplaceholder.typicode.com/users/5 to tracking group
2025/08/11 14:57:18 Sent content of https://jsonplaceholder.typicode.com/users/6 to tracking group
2025/08/11 14:57:19 Sent content of https://jsonplaceholder.typicode.com/comments/1 to tracking group
2025/08/11 14:57:23 Sent content of https://jsonplaceholder.typicode.com/users/1 to tracking group
2025/08/11 14:57:23 Failed to send content of https://jsonplaceholder.typicode.com/posts/13 to tracking group: sendMessage failed, status: 429 Too Many Requests, response: {"ok":false,"error_code":429,"description":"Too Many Requests: retry after 13","parameters":{"retry_after":13}}
2025/08/11 14:57:24 Failed to send content of https://jsonplaceholder.typicode.com/posts/2 to tracking group: sendMessage failed, status: 429 Too Many Requests, response: {"ok":false,"error_code":429,"description":"Too Many Requests: retry after 12","parameters":{"retry_after":12}}
2025/08/11 14:57:25 Failed to send content of https://jsonplaceholder.typicode.com/posts/1 to tracking group: sendMessage failed, status: 429 Too Many Requests, response: {"ok":false,"error_code":429,"description":"Too Many Requests: retry after 12","parameters":{"retry_after":12}}
2025/08/11 14:57:26 Failed to send content of https://jsonplaceholder.typicode.com/posts/5 to tracking group: sendMessage failed, status: 429 Too Many Requests, response: {"ok":false,"error_code":429,"description":"Too Many Requests: retry after 11","parameters":{"retry_after":11}}
2025/08/11 14:57:26 Failed to send content of https://jsonplaceholder.typicode.com/users/3 to tracking group: sendMessage failed, status: 429 Too Many Requests, response: {"ok":false,"error_code":429,"description":"Too Many Requests: retry after 10","parameters":{"retry_after":10}}
2025/08/11 14:57:27 Failed to send content of https://jsonplaceholder.typicode.com/posts/12 to tracking group: sendMessage failed, status: 429 Too Many Requests, response: {"ok":false,"error_code":429,"description":"Too Many Requests: retry after 9","parameters":{"retry_after":9}}
2025/08/11 14:57:28 Failed to send content of https://jsonplaceholder.typicode.com/users/2 to tracking group: sendMessage failed, status: 429 Too Many Requests, response: {"ok":false,"error_code":429,"description":"Too Many Requests: retry after 9","parameters":{"retry_after":9}}
2025/08/11 14:57:37 Sent content of https://jsonplaceholder.typicode.com/users/4 to tracking group
2025/08/11 14:57:58 fetch content error for https://jsonplaceholder.typicode.com/users11: status 404
2025/08/11 14:57:58 fetch content error for https://jsonplaceholder.typicode.com/users/15: status 404
2025/08/11 14:57:58 fetch content error for https://httpbin.org/status/404: status 404
2025/08/11 14:57:59 IP Addres ::1
2025/08/11 14:57:59 Sent content of https://jsonplaceholder.typicode.com/users/8 to tracking group
2025/08/11 14:58:00 Sent content of https://jsonplaceholder.typicode.com/users/1 to tracking group
2025/08/11 14:58:01 Sent content of https://jsonplaceholder.typicode.com/posts/15 to tracking group
2025/08/11 14:58:01 Sent content of https://jsonplaceholder.typicode.com/posts/1 to tracking group
2025/08/11 14:58:02 Sent content of https://jsonplaceholder.typicode.com/users/2 to tracking group
2025/08/11 14:58:06 Sent content of https://jsonplaceholder.typicode.com/posts/13 to tracking group
2025/08/11 14:58:07 Sent content of https://jsonplaceholder.typicode.com/users/3 to tracking group
2025/08/11 14:58:08 Sent content of https://jsonplaceholder.typicode.com/comments/1 to tracking group
2025/08/11 14:58:08 Sent content of https://jsonplaceholder.typicode.com/posts/2 to tracking group
2025/08/11 14:58:09 Sent content of https://jsonplaceholder.typicode.com/posts/12 to tracking group
2025/08/11 14:58:13 ⚠ Caught signal interrupt, stopping scheduler...
2025/08/11 14:58:13 ✅ Scheduler stopped
2025/08/11 14:58:13 Exiting program
2025/08/11 14:59:48 ✅ Scheduler initialized but NOT started
2025/08/11 15:07:05 IP Addres ::1
2025/08/11 15:07:33 IP Addres ::1
2025/08/11 15:09:55 IP Addres ::1
2025/08/11 15:11:06 IP Addres ::1
2025/08/11 15:18:02 ⚠ Caught signal terminated, stopping scheduler...
2025/08/11 15:18:02 ✅ Scheduler stopped
2025/08/11 15:18:02 Exiting program
2025/08/11 15:18:53 ✅ Scheduler initialized but NOT started
2025/08/11 15:19:03 IP Addres ::1
2025/08/11 15:19:29 IP Addres ::1
2025/08/11 15:21:37 IP Addres ::1
2025/08/11 15:21:37 Scheduler started by API call
2025/08/11 15:21:44 IP Addres ::1
2025/08/11 15:21:44 Scheduler stopped by API call
2025/08/11 15:21:52 fetch content error for https://jsonplaceholder.typicode.com/users/15: status 404
2025/08/11 15:21:52 fetch content error for https://jsonplaceholder.typicode.com/users11: status 404
2025/08/11 15:21:54 fetch content error for https://httpbin.org/status/404: status 404
2025/08/11 15:21:54 Sent content of https://jsonplaceholder.typicode.com/users/3 to tracking group
2025/08/11 15:21:55 Sent content of https://jsonplaceholder.typicode.com/users/6 to tracking group
2025/08/11 15:21:56 Sent content of https://jsonplaceholder.typicode.com/posts/2 to tracking group
2025/08/11 15:21:56 Sent content of https://jsonplaceholder.typicode.com/users/4 to tracking group
2025/08/11 15:21:57 Sent content of https://jsonplaceholder.typicode.com/users/8 to tracking group
2025/08/11 15:22:01 Sent content of https://jsonplaceholder.typicode.com/posts/12 to tracking group
2025/08/11 15:22:02 Sent content of https://jsonplaceholder.typicode.com/posts/5 to tracking group
2025/08/11 15:22:03 Sent content of https://jsonplaceholder.typicode.com/posts/15 to tracking group
2025/08/11 15:22:03 Sent content of https://jsonplaceholder.typicode.com/users/5 to tracking group
2025/08/11 15:22:04 Sent content of https://jsonplaceholder.typicode.com/users/1 to tracking group
2025/08/11 15:22:08 Sent content of https://jsonplaceholder.typicode.com/comments/1 to tracking group
2025/08/11 15:22:09 Sent content of https://jsonplaceholder.typicode.com/posts/1 to tracking group
2025/08/11 15:22:09 Sent content of https://jsonplaceholder.typicode.com/posts/13 to tracking group
2025/08/11 15:22:10 Sent content of https://jsonplaceholder.typicode.com/users/2 to tracking group
2025/08/11 15:22:11 Scheduler stopped during interval wait
2025/08/11 15:44:22 IP Addres ::1
2025/08/11 15:44:54 IP Addres ::1
2025/08/11 16:40:56 ⚠ Caught signal interrupt, stopping scheduler...
2025/08/11 16:40:56 ✅ Scheduler stopped
2025/08/11 16:40:56 Exiting program
2025/08/11 16:47:30 ✅ Scheduler initialized but NOT started
2025/08/11 16:47:38 IP Addres ::1
2025/08/11 16:47:43 IP Addres ::1
2025/08/11 16:47:52 IP Addres ::1
2025/08/11 16:47:59 IP Addres ::1
2025/08/11 16:51:14 IP Addres ::1
2025/08/11 16:51:14 Scheduler started by API call
2025/08/11 16:51:57 IP Addres ::1
2025/08/11 16:51:57 Scheduler stopped by API call
2025/08/11 20:58:40 ⚠ Caught signal interrupt, stopping scheduler...
2025/08/11 20:58:40 ✅ Scheduler stopped
2025/08/11 20:58:40 Exiting program
2025/08/12 09:26:51 ✅ Scheduler initialized but NOT started
2025/08/12 09:27:15 IP Addres ::1
2025/08/12 09:27:15 Scheduler started by API call
2025/08/12 09:27:24 IP Addres ::1
2025/08/12 09:27:49 Scheduler stopped by API call
2025/08/12 09:27:57 IP Addres ::1
2025/08/12 09:28:27 IP Addres ::1
2025/08/12 09:28:34 IP Addres ::1
2025/08/12 09:41:36 IP Addres ::1
2025/08/12 09:42:49 IP Addres ::1
2025/08/12 10:48:12 ⚠ Caught signal interrupt, stopping scheduler...
2025/08/12 10:48:12 ✅ Scheduler stopped
2025/08/12 10:48:12 Exiting program
2025/08/12 10:48:20 ✅ Scheduler initialized but NOT started
2025/08/12 10:52:59 ✅ Scheduler initialized but NOT started
2025/08/12 10:55:21 IP Addres ::1
2025/08/12 10:55:27 IP Addres ::1
2025/08/12 10:55:36 IP Addres ::1
2025/08/12 10:55:53 IP Addres ::1
2025/08/12 10:55:53 Scheduler started by API call
2025/08/12 10:55:58 IP Addres ::1
2025/08/12 10:56:26 Scheduler stopped by API call
2025/08/12 10:58:01 IP Addres ::1
2025/08/12 14:00:36 ⚠ Caught signal interrupt, stopping scheduler...
2025/08/12 14:00:36 ✅ Scheduler stopped
2025/08/12 14:00:36 Exiting program
2025/08/12 14:03:45 ✅ Scheduler initialized but NOT started
2025/08/12 14:03:51 IP Addres ::1
2025/08/12 14:12:17 IP Addres ::1
2025/08/12 14:13:01 IP Addres ::1
2025/08/12 14:15:09 IP Addres ::1
2025/08/12 14:16:09 IP Addres ::1
2025/08/12 14:42:26 ⚠ Caught signal interrupt, stopping scheduler...
2025/08/12 14:42:26 ✅ Scheduler stopped
2025/08/12 14:42:26 Exiting program
2025/08/12 14:42:29 ✅ Scheduler initialized but NOT started
2025/08/12 14:42:39 IP Addres ::1
2025/08/12 14:43:41 IP Addres ::1
2025/08/12 14:46:03 IP Addres ::1
2025/08/12 14:47:03 IP Addres ::1
2025/08/12 14:49:48 IP Addres ::1
2025/08/12 14:50:10 IP Addres ::1
2025/08/12 14:50:35 IP Addres ::1
2025/08/12 14:52:23 IP Addres ::1
2025/08/12 14:52:23 Scheduler started by API call
2025/08/12 14:52:36 IP Addres ::1
2025/08/12 14:52:57 Scheduler stopped by API call
2025/08/12 15:00:51 IP Addres ::1
2025/08/12 15:01:53 IP Addres ::1
2025/08/12 15:03:37 IP Addres ::1
2025/08/12 15:03:58 IP Addres ::1
2025/08/12 15:15:14 IP Addres ::1
2025/08/12 15:29:48 IP Addres ::1
2025/08/12 16:11:55 ⚠ Caught signal interrupt, stopping scheduler...
2025/08/12 16:11:55 ✅ Scheduler stopped
2025/08/12 16:11:55 Exiting program
2025/08/12 16:11:58 ✅ Scheduler initialized but NOT started
2025/08/12 16:12:08 IP Addres ::1
2025/08/12 16:12:08 Scheduler started by API call
2025/08/12 16:12:16 IP Addres ::1
2025/08/12 16:12:57 Scheduler stopped by API call
2025/08/12 16:24:30 ⚠ Caught signal interrupt, stopping scheduler...
2025/08/12 16:24:30 ✅ Scheduler stopped
2025/08/12 16:24:30 Exiting program
2025/08/12 16:24:33 ✅ Scheduler initialized but NOT started
2025/08/12 16:24:45 IP Addres ::1
2025/08/12 16:24:45 Scheduler started by API call
2025/08/12 16:25:04 IP Addres ::1
2025/08/12 16:25:04 Scheduler stopped by API call
2025/08/12 17:27:38 ⚠ Caught signal interrupt, stopping scheduler...
2025/08/12 17:27:38 ✅ Scheduler stopped
2025/08/12 17:27:38 Exiting program
2025/08/12 17:27:46 ✅ Scheduler initialized but NOT started
2025/08/12 17:28:02 IP Addres ::1
2025/08/12 17:28:12 IP Addres ::1
2025/08/12 17:28:12 Scheduler started by API call
2025/08/12 17:28:24 IP Addres ::1
2025/08/12 17:28:24 Scheduler stopped by API call
2025/08/12 17:28:38 IP Addres ::1
2025/08/12 17:28:43 IP Addres ::1
2025/08/13 09:29:30 ⚠ Caught signal interrupt, stopping scheduler...
2025/08/13 09:29:30 ✅ Scheduler stopped
2025/08/13 09:29:30 Exiting program
2025/08/13 09:29:33 ✅ Scheduler initialized but NOT started
2025/08/13 09:29:50 IP Addres ::1
2025/08/13 09:30:04 IP Addres ::1
2025/08/13 09:30:15 IP Addres ::1
2025/08/13 09:32:14 IP Addres ::1
2025/08/13 09:32:32 IP Addres ::1
2025/08/13 09:32:32 Scheduler started by API call
2025/08/13 09:32:56 IP Addres ::1
2025/08/13 09:32:56 Scheduler stopped by API call
2025/08/13 09:42:57 IP Addres ::1
2025/08/13 09:43:02 IP Addres ::1
2025/08/13 10:27:21 ⚠ Caught signal interrupt, stopping scheduler...
2025/08/13 10:27:21 ✅ Scheduler stopped
2025/08/13 10:27:21 Exiting program
2025/08/13 10:27:24 ✅ Scheduler initialized but NOT started
2025/08/13 10:27:33 IP Addres ::1
2025/08/13 10:27:38 IP Addres ::1
2025/08/13 10:27:38 Scheduler started by API call
2025/08/13 10:28:48 IP Addres ::1
2025/08/13 10:38:36 IP Addres ::1
2025/08/13 10:38:36 Scheduler stopped by API call
2025/08/13 10:38:42 IP Addres ::1
2025/08/13 10:40:50 ⚠ Caught signal interrupt, stopping scheduler...
2025/08/13 10:40:50 ✅ Scheduler stopped
2025/08/13 10:40:50 Exiting program
2025/08/13 11:01:21 ✅ Scheduler initialized but NOT started
2025/08/13 11:01:21 ✅ Scheduler started automatically on server startup
2025/08/13 11:01:51 IP Addres ::1
2025/08/13 11:02:00 IP Addres ::1
2025/08/13 11:02:51 IP Addres ::1
2025/08/13 11:02:51 Scheduler stopped by API call
2025/08/13 11:09:33 ⚠ Caught signal interrupt, stopping scheduler...
2025/08/13 11:09:33 ✅ Scheduler stopped
2025/08/13 11:09:33 Exiting program
2025/08/13 11:09:42 ✅ Scheduler initialized but NOT started
2025/08/13 11:09:55 IP Addres ::1
2025/08/13 11:10:22 IP Addres ::1
2025/08/13 11:10:31 IP Addres ::1
2025/08/13 11:10:31 Scheduler started by API call
2025/08/13 11:11:19 IP Addres ::1
2025/08/13 11:11:19 Scheduler stopped by API call
2025/08/13 13:57:03 ⚠ Caught signal interrupt, stopping scheduler...
2025/08/13 13:57:03 ✅ Scheduler stopped
2025/08/13 13:57:03 Exiting program
2025/08/13 15:47:45 ✅ Scheduler initialized but NOT started
2025/08/13 15:47:56 IP Addres ::1
2025/08/13 15:48:04 IP Addres ::1
2025/08/13 15:48:12 IP Addres ::1
2025/08/13 15:48:15 IP Addres ::1
2025/08/13 15:48:19 IP Addres ::1
2025/08/13 15:49:06 IP Addres ::1
2025/08/13 15:52:40 IP Addres ::1
2025/08/13 15:53:04 IP Addres ::1
2025/08/13 15:53:09 IP Addres ::1
2025/08/13 15:53:09 Scheduler started by API call
2025/08/13 15:53:31 IP Addres ::1
2025/08/13 15:53:31 Scheduler stopped by API call
2025/08/13 15:58:54 IP Addres ::1
2025/08/13 15:59:02 ⚠ Caught signal interrupt, stopping scheduler...
2025/08/13 15:59:02 ✅ Scheduler stopped
2025/08/13 15:59:02 Exiting program
2025/08/13 16:26:02 ✅ Scheduler initialized but NOT started
2025/08/13 16:27:35 IP Addres ::1
2025/08/13 16:28:43 IP Addres ::1
2025/08/13 16:29:14 IP Addres ::1
2025/08/13 16:29:22 IP Addres ::1
2025/08/13 16:29:40 IP Addres ::1
2025/08/13 16:31:17 IP Addres ::1
2025/08/13 16:32:49 IP Addres ::1
2025/08/13 16:34:44 IP Addres ::1
2025/08/13 16:36:34 IP Addres ::1
2025/08/13 16:36:34 Scheduler started by API call
2025/08/13 16:37:15 IP Addres ::1
2025/08/13 16:37:15 Scheduler stopped by API call
2025/08/13 17:19:57 ✅ Scheduler initialized but NOT started
2025/08/13 17:20:11 IP Addres ::1
2025/08/13 17:20:11 Scheduler started by API call
2025/08/13 17:20:36 IP Addres ::1
2025/08/13 17:20:36 Scheduler stopped by API call
2025/08/13 17:23:09 ✅ Scheduler initialized but NOT started
2025/08/13 17:23:20 IP Addres ::1
2025/08/13 17:23:20 Scheduler started by API call
2025/08/13 17:23:58 IP Addres ::1
2025/08/13 17:23:58 Scheduler stopped by API call
2025/08/14 09:38:32 ✅ Scheduler initialized but NOT started
2025/08/14 09:38:54 IP Addres ::1
2025/08/14 09:38:54 Scheduler started by API call
2025/08/14 09:39:31 IP Addres ::1
2025/08/14 09:39:31 Scheduler stopped by API call
2025/08/14 09:39:40 IP Addres ::1
2025/08/14 09:40:08 IP Addres ::1
2025/08/14 10:13:54 ✅ Scheduler initialized (not started yet)
2025/08/14 10:14:03 IP Addres ::1
2025/08/14 10:14:03 Scheduler started by API call
2025/08/14 10:14:32 IP Addres ::1
2025/08/14 10:14:32 Scheduler stopped by API call
2025/08/14 10:24:01 ✅ Scheduler initialized (not started yet)
2025/08/14 10:24:10 IP Addres ::1
2025/08/14 10:24:10 Scheduler started by API call
2025/08/14 10:25:15 IP Addres ::1
2025/08/14 10:25:15 Scheduler stopped by API call
2025/08/14 10:30:19 ✅ Scheduler initialized (not started yet)
2025/08/14 10:30:30 IP Addres ::1
2025/08/14 10:30:30 Scheduler started by API call
2025/08/14 10:33:35 ✅ Scheduler initialized (not started yet)
2025/08/14 10:33:42 IP Addres ::1
2025/08/14 10:33:42 Scheduler started by API call
2025/08/14 10:33:57 IP Addres ::1
2025/08/14 10:34:06 IP Addres ::1
2025/08/14 10:34:06 Scheduler stopped by API call
2025/08/14 10:56:00 ✅ Scheduler initialized (not started yet)
2025/08/14 10:56:18 IP Addres ::1
2025/08/14 10:56:18 ✅ Scheduler started by API call
2025/08/14 10:56:59 IP Addres ::1
2025/08/14 10:57:40 ✅ Scheduler stopped by API call
2025/08/14 10:57:43 IP Addres ::1
2025/08/14 11:18:59 ✅ Scheduler initialized (not started yet)
2025/08/14 11:19:08 IP Addres ::1
2025/08/14 11:19:08 ✅ Scheduler started by API call
2025/08/14 11:20:06 IP Addres ::1
2025/08/14 11:20:18 ✅ Scheduler stopped by API call
2025/08/14 11:32:58 ✅ Scheduler initialized (not started yet)
2025/08/14 11:33:05 IP Addres ::1
2025/08/14 11:33:11 IP Addres ::1
2025/08/14 11:34:38 IP Addres ::1
2025/08/14 11:34:53 IP Addres ::1
2025/08/14 11:37:29 IP Addres ::1
2025/08/14 11:37:29 ✅ Scheduler started by API call
2025/08/14 11:37:41 IP Addres ::1
2025/08/14 11:37:42 ✅ Scheduler stopped by API call
2025/08/14 14:20:44 IP Addres ::1
2025/08/14 14:20:50 IP Addres ::1
2025/08/14 14:26:36 ✅ Scheduler initialized (not started yet)
2025/08/14 14:40:21 IP Addres ::1
2025/08/14 15:11:01 ✅ Scheduler initialized (not started yet)
2025/08/14 15:11:10 IP Addres ::1
2025/08/14 15:11:14 IP Addres ::1
2025/08/14 15:11:14 ✅ Scheduler started by API call
2025/08/14 15:11:21 IP Addres ::1
2025/08/14 15:11:23 ✅ Scheduler stopped by API call
2025/08/14 15:11:27 IP Addres ::1
2025/08/14 15:11:33 IP Addres ::1
2025/08/14 15:11:43 IP Addres ::1
2025/08/14 15:11:50 IP Addres ::1
2025/08/14 15:13:04 IP Addres ::1
2025/08/14 15:50:26 IP Addres ::1
2025/08/14 15:50:26 ✅ Scheduler started by API call
2025/08/14 15:50:31 IP Addres ::1
2025/08/14 15:50:34 ✅ Scheduler stopped by API call
2025/08/14 15:50:39 IP Addres ::1
2025/08/14 15:50:43 IP Addres ::1
2025/08/14 15:56:44 IP Addres ::1
2025/08/15 09:12:50 ✅ Scheduler initialized (not started yet)
2025/08/15 09:13:23 IP Addres ::1
2025/08/15 09:13:23 ✅ Scheduler started by API call
2025/08/15 09:13:34 IP Addres ::1
2025/08/15 09:13:43 ✅ Scheduler stopped by API call
2025/08/15 09:26:09 ✅ Scheduler initialized (not started yet)
2025/08/15 09:26:50 IP Addres ::1
2025/08/15 09:27:20 IP Addres ::1
2025/08/15 09:42:54 ✅ Scheduler initialized (not started yet)
2025/08/15 09:43:02 IP Addres ::1
2025/08/15 09:43:32 IP Addres ::1
2025/08/15 09:43:46 IP Addres ::1
2025/08/15 09:44:00 IP Addres ::1
2025/08/15 09:45:09 IP Addres ::1
2025/08/15 09:45:19 IP Addres ::1
2025/08/15 09:45:44 IP Addres ::1
2025/08/15 09:45:44 ✅ Scheduler started by API call
2025/08/15 09:45:49 IP Addres ::1
2025/08/15 09:45:51 ✅ Scheduler stopped by API call
2025/08/15 10:36:10 IP Addres ::1
2025/08/15 10:36:25 ✅ Scheduler initialized (not started yet)
2025/08/15 10:36:31 IP Addres ::1
2025/08/15 10:37:56 IP Addres ::1
2025/08/15 10:37:56 ✅ Scheduler started by API call
2025/08/15 10:37:59 IP Addres ::1
2025/08/15 10:38:03 IP Addres ::1
2025/08/15 10:38:09 ✅ Scheduler stopped by API call
2025/08/15 10:38:31 IP Addres ::1
2025/08/15 10:38:34 IP Addres ::1
2025/08/15 10:38:43 IP Addres ::1
2025/08/15 10:38:47 IP Addres ::1
2025/08/15 10:38:53 IP Addres ::1
2025/08/15 10:41:05 IP Addres ::1
2025/08/15 10:56:40 IP Addres ::1
2025/08/15 11:00:40 IP Addres ::1
2025/08/15 11:00:55 IP Addres ::1
2025/08/15 11:29:45 ✅ Scheduler initialized (not started yet)
2025/08/15 14:08:10 ✅ Scheduler initialized (not started yet)
2025/08/15 14:12:03 IP Addres ::1
2025/08/15 14:26:27 IP Addres ::1
2025/08/15 14:27:34 IP Addres ::1
2025/08/15 14:28:10 IP Addres ::1
2025/08/15 14:29:57 IP Addres ::1
2025/08/15 14:31:47 IP Addres ::1
2025/08/15 14:33:13 IP Addres ::1
2025/08/15 14:35:44 IP Addres ::1
2025/08/15 14:36:29 IP Addres ::1
2025/08/15 14:36:35 IP Addres ::1
2025/08/15 14:37:32 IP Addres ::1
2025/08/15 14:43:17 IP Addres ::1
2025/08/15 14:43:17 ✅ Scheduler started by API call
2025/08/15 14:43:35 IP Addres ::1
2025/08/15 14:43:35 ✅ Scheduler stopped by API call
2025/08/15 15:31:16 ✅ Scheduler initialized (not started yet)
2025/08/15 15:31:24 IP Addres ::1
2025/08/15 15:31:24 ✅ Scheduler started by API call
2025/08/15 15:31:30 IP Addres ::1
2025/08/15 15:31:30 ✅ Scheduler stopped by API call
2025/08/15 15:31:35 IP Addres ::1
2025/08/15 15:31:38 IP Addres ::1
2025/08/15 15:31:44 IP Addres ::1
2025/08/15 15:31:47 IP Addres ::1
2025/08/15 15:31:53 IP Addres ::1
2025/08/15 15:31:58 IP Addres ::1
2025/08/15 15:32:16 IP Addres ::1
2025/08/15 15:36:26 IP Addres ::1
2025/08/15 15:36:26 ✅ Scheduler started by API call
2025/08/15 15:36:40 📩 New update: {UpdateID:614733381 Message:0xc000094080 CallbackQuery:<nil>}
2025/08/15 15:36:40 📩 New update: {UpdateID:614733382 Message:0xc000094100 CallbackQuery:<nil>}
2025/08/15 15:36:40 📩 New update: {UpdateID:614733383 Message:0xc000094140 CallbackQuery:<nil>}
2025/08/15 15:36:40 📩 New update: {UpdateID:614733384 Message:0xc000094180 CallbackQuery:<nil>}
2025/08/15 15:36:40 📩 New update: {UpdateID:614733385 Message:0xc0000941c0 CallbackQuery:<nil>}
2025/08/15 15:36:40 📩 New update: {UpdateID:614733386 Message:0xc000094200 CallbackQuery:<nil>}
2025/08/15 15:36:40 📩 New update: {UpdateID:614733387 Message:0xc000094240 CallbackQuery:<nil>}
2025/08/15 15:36:40 📩 New update: {UpdateID:614733388 Message:0xc000094280 CallbackQuery:<nil>}
2025/08/15 15:36:52 IP Addres ::1
2025/08/15 15:36:53 ✅ Scheduler stopped by API call
2025/08/15 16:02:32 ✅ Scheduler initialized (not started yet)
2025/08/15 16:02:41 IP Addres ::1
2025/08/15 16:02:41 ✅ Scheduler started by API call
2025/08/15 16:03:21 IP Addres ::1
2025/08/15 16:04:11 ✅ Scheduler stopped by API call
2025/08/15 16:06:55 ✅ Scheduler initialized (not started yet)
2025/08/15 16:07:07 IP Addres ::1
2025/08/15 16:07:07 ✅ Scheduler started by API call
2025/08/15 16:07:22 IP Addres ::1
2025/08/15 16:07:22 ✅ Scheduler stopped by API call
2025/08/15 16:07:40 IP Addres ::1
2025/08/15 16:07:44 IP Addres ::1
2025/08/15 16:07:55 IP Addres ::1
2025/08/15 16:08:10 IP Addres ::1
2025/08/16 09:31:22 ✅ Scheduler initialized (not started yet)
2025/08/16 09:31:48 IP Addres ::1
2025/08/16 09:31:48 ✅ Scheduler started by API call
2025/08/16 09:32:28 IP Addres ::1
2025/08/16 09:32:28 ✅ Scheduler stopped by API call
2025/08/16 09:33:07 IP Addres ::1
2025/08/16 09:33:30 IP Addres ::1
2025/08/19 11:49:32 ✅ Scheduler initialized (not started yet)
2025/08/19 11:49:56 IP Addres ::1
2025/08/19 11:49:56 ✅ Scheduler started by API call
2025/08/19 11:50:15 IP Addres ::1
2025/08/19 11:50:25 IP Addres ::1
2025/08/19 11:50:32 IP Addres ::1
2025/08/19 11:50:32 ✅ Scheduler stopped by API call
